# JRE version: Java(TM) SE Runtime Environment (8.0-b132) (build 1.8.0-b132)
# Java VM: Java HotSpot(TM) 64-Bit Server VM (25.0-b70 mixed mode windows-amd64 compressed oops)
Heap:
 PSYoungGen      total 23552K, used 5644K [0x00000000d6e00000, 0x00000000d8700000, 0x0000000100000000)
  eden space 21504K, 20% used [0x00000000d6e00000,0x00000000d72391d8,0x00000000d8300000)
  from space 2048K, 64% used [0x00000000d8500000,0x00000000d8649f40,0x00000000d8700000)
  to   space 2048K, 0% used [0x00000000d8300000,0x00000000d8300000,0x00000000d8500000)
 ParOldGen       total 125440K, used 3840K [0x0000000084a00000, 0x000000008c480000, 0x00000000d6e00000)
  object space 125440K, 3% used [0x0000000084a00000,0x0000000084dc0068,0x000000008c480000)
 Metaspace       used 11986K, capacity 12144K, committed 12416K, reserved 1060864K
  class space    used 1524K, capacity 1538K, committed 1664K, reserved 1048576K
GC Heap History (10 events):
Event: 1.923 GC heap before
{Heap before GC invocations=12 (full 0):
 PSYoungGen      total 14848K, used 14824K [0x00000000d6e00000, 0x00000000d8700000, 0x0000000100000000)
  eden space 13312K, 100% used [0x00000000d6e00000,0x00000000d7b00000,0x00000000d7b00000)
  from space 1536K, 98% used [0x00000000d7b00000,0x00000000d7c7a090,0x00000000d7c80000)
  to   space 2048K, 0% used [0x00000000d8500000,0x00000000d8500000,0x00000000d8700000)
 ParOldGen       total 125440K, used 2417K [0x0000000084a00000, 0x000000008c480000, 0x00000000d6e00000)
  object space 125440K, 1% used [0x0000000084a00000,0x0000000084c5c580,0x000000008c480000)
 Metaspace       used 10937K, capacity 11128K, committed 11520K, reserved 1058816K
  class space    used 1396K, capacity 1438K, committed 1536K, reserved 1048576K
Event: 1.937 GC heap after
Heap after GC invocations=12 (full 0):
 PSYoungGen      total 23552K, used 1493K [0x00000000d6e00000, 0x00000000d8700000, 0x0000000100000000)
  eden space 21504K, 0% used [0x00000000d6e00000,0x00000000d6e00000,0x00000000d8300000)
  from space 2048K, 72% used [0x00000000d8500000,0x00000000d8675618,0x00000000d8700000)
  to   space 2048K, 0% used [0x00000000d8300000,0x00000000d8300000,0x00000000d8500000)
 ParOldGen       total 125440K, used 2821K [0x0000000084a00000, 0x000000008c480000, 0x00000000d6e00000)
  object space 125440K, 2% used [0x0000000084a00000,0x0000000084cc1590,0x000000008c480000)
 Metaspace       used 10937K, capacity 11128K, committed 11520K, reserved 1058816K
  class space    used 1396K, capacity 1438K, committed 1536K, reserved 1048576K
}
Event: 2.328 GC heap before
{Heap before GC invocations=13 (full 0):
 PSYoungGen      total 23552K, used 22997K [0x00000000d6e00000, 0x00000000d8700000, 0x0000000100000000)
  eden space 21504K, 100% used [0x00000000d6e00000,0x00000000d8300000,0x00000000d8300000)
  from space 2048K, 72% used [0x00000000d8500000,0x00000000d8675618,0x00000000d8700000)
  to   space 2048K, 0% used [0x00000000d8300000,0x00000000d8300000,0x00000000d8500000)
 ParOldGen       total 125440K, used 2821K [0x0000000084a00000, 0x000000008c480000, 0x00000000d6e00000)
  object space 125440K, 2% used [0x0000000084a00000,0x0000000084cc1590,0x000000008c480000)
 Metaspace       used 11154K, capacity 11326K, committed 11520K, reserved 1058816K
  class space    used 1410K, capacity 1439K, committed 1536K, reserved 1048576K
Event: 2.353 GC heap after
Heap after GC invocations=13 (full 0):
 PSYoungGen      total 23552K, used 1056K [0x00000000d6e00000, 0x00000000d8700000, 0x0000000100000000)
  eden space 21504K, 0% used [0x00000000d6e00000,0x00000000d6e00000,0x00000000d8300000)
  from space 2048K, 51% used [0x00000000d8300000,0x00000000d8408000,0x00000000d8500000)
  to   space 2048K, 0% used [0x00000000d8500000,0x00000000d8500000,0x00000000d8700000)
 ParOldGen       total 125440K, used 3184K [0x0000000084a00000, 0x000000008c480000, 0x00000000d6e00000)
  object space 125440K, 2% used [0x0000000084a00000,0x0000000084d1c068,0x000000008c480000)
 Metaspace       used 11154K, capacity 11326K, committed 11520K, reserved 1058816K
  class space    used 1410K, capacity 1439K, committed 1536K, reserved 1048576K
}
Event: 2.455 GC heap before
{Heap before GC invocations=14 (full 0):
 PSYoungGen      total 23552K, used 22560K [0x00000000d6e00000, 0x00000000d8700000, 0x0000000100000000)
  eden space 21504K, 100% used [0x00000000d6e00000,0x00000000d8300000,0x00000000d8300000)
  from space 2048K, 51% used [0x00000000d8300000,0x00000000d8408000,0x00000000d8500000)
  to   space 2048K, 0% used [0x00000000d8500000,0x00000000d8500000,0x00000000d8700000)
 ParOldGen       total 125440K, used 3184K [0x0000000084a00000, 0x000000008c480000, 0x00000000d6e00000)
  object space 125440K, 2% used [0x0000000084a00000,0x0000000084d1c068,0x000000008c480000)
 Metaspace       used 11154K, capacity 11326K, committed 11520K, reserved 1058816K
  class space    used 1410K, capacity 1439K, committed 1536K, reserved 1048576K
Event: 2.456 GC heap after
Heap after GC invocations=14 (full 0):
 PSYoungGen      total 23552K, used 64K [0x00000000d6e00000, 0x00000000d8700000, 0x0000000100000000)
  eden space 21504K, 0% used [0x00000000d6e00000,0x00000000d6e00000,0x00000000d8300000)
  from space 2048K, 3% used [0x00000000d8500000,0x00000000d8510000,0x00000000d8700000)
  to   space 2048K, 0% used [0x00000000d8300000,0x00000000d8300000,0x00000000d8500000)
 ParOldGen       total 125440K, used 3792K [0x0000000084a00000, 0x000000008c480000, 0x00000000d6e00000)
  object space 125440K, 3% used [0x0000000084a00000,0x0000000084db4068,0x000000008c480000)
 Metaspace       used 11154K, capacity 11326K, committed 11520K, reserved 1058816K
  class space    used 1410K, capacity 1439K, committed 1536K, reserved 1048576K
}
Event: 2.554 GC heap before
{Heap before GC invocations=15 (full 0):
 PSYoungGen      total 23552K, used 21568K [0x00000000d6e00000, 0x00000000d8700000, 0x0000000100000000)
  eden space 21504K, 100% used [0x00000000d6e00000,0x00000000d8300000,0x00000000d8300000)
  from space 2048K, 3% used [0x00000000d8500000,0x00000000d8510000,0x00000000d8700000)
  to   space 2048K, 0% used [0x00000000d8300000,0x00000000d8300000,0x00000000d8500000)
 ParOldGen       total 125440K, used 3792K [0x0000000084a00000, 0x000000008c480000, 0x00000000d6e00000)
  object space 125440K, 3% used [0x0000000084a00000,0x0000000084db4068,0x000000008c480000)
 Metaspace       used 11266K, capacity 11422K, committed 11776K, reserved 1058816K
  class space    used 1426K, capacity 1471K, committed 1536K, reserved 1048576K
Event: 2.555 GC heap after
Heap after GC invocations=15 (full 0):
 PSYoungGen      total 23552K, used 246K [0x00000000d6e00000, 0x00000000d8700000, 0x0000000100000000)
  eden space 21504K, 0% used [0x00000000d6e00000,0x00000000d6e00000,0x00000000d8300000)
  from space 2048K, 12% used [0x00000000d8300000,0x00000000d833d838,0x00000000d8500000)
  to   space 2048K, 0% used [0x00000000d8500000,0x00000000d8500000,0x00000000d8700000)
 ParOldGen       total 125440K, used 3800K [0x0000000084a00000, 0x000000008c480000, 0x00000000d6e00000)
  object space 125440K, 3% used [0x0000000084a00000,0x0000000084db6068,0x000000008c480000)
 Metaspace       used 11266K, capacity 11422K, committed 11776K, reserved 1058816K
  class space    used 1426K, capacity 1471K, committed 1536K, reserved 1048576K
}
Event: 2.752 GC heap before
{Heap before GC invocations=16 (full 0):
 PSYoungGen      total 23552K, used 21750K [0x00000000d6e00000, 0x00000000d8700000, 0x0000000100000000)
  eden space 21504K, 100% used [0x00000000d6e00000,0x00000000d8300000,0x00000000d8300000)
  from space 2048K, 12% used [0x00000000d8300000,0x00000000d833d838,0x00000000d8500000)
  to   space 2048K, 0% used [0x00000000d8500000,0x00000000d8500000,0x00000000d8700000)
 ParOldGen       total 125440K, used 3800K [0x0000000084a00000, 0x000000008c480000, 0x00000000d6e00000)
  object space 125440K, 3% used [0x0000000084a00000,0x0000000084db6068,0x000000008c480000)
 Metaspace       used 11854K, capacity 12016K, committed 12416K, reserved 1060864K
  class space    used 1506K, capacity 1538K, committed 1664K, reserved 1048576K
Event: 2.753 GC heap after
Heap after GC invocations=16 (full 0):
 PSYoungGen      total 23552K, used 1319K [0x00000000d6e00000, 0x00000000d8700000, 0x0000000100000000)
  eden space 21504K, 0% used [0x00000000d6e00000,0x00000000d6e00000,0x00000000d8300000)
  from space 2048K, 64% used [0x00000000d8500000,0x00000000d8649f40,0x00000000d8700000)
  to   space 2048K, 0% used [0x00000000d8300000,0x00000000d8300000,0x00000000d8500000)
 ParOldGen       total 125440K, used 3840K [0x0000000084a00000, 0x000000008c480000, 0x00000000d6e00000)
  object space 125440K, 3% used [0x0000000084a00000,0x0000000084dc0068,0x000000008c480000)
 Metaspace       used 11854K, capacity 12016K, committed 12416K, reserved 1060864K
  class space    used 1506K, capacity 1538K, committed 1664K, reserved 1048576K
}

